10:23:21.741 [main] INFO  foodnow.core.TestBase -- *** TESTING IN PROGRESS ***
10:23:21.943 [main] INFO  i.g.bonigarcia.wdm.WebDriverManager -- Using chromedriver 131.0.6778.108 (resolved driver for Chrome 131)
10:23:21.959 [main] INFO  i.g.bonigarcia.wdm.WebDriverManager -- Exporting webdriver.chrome.driver as /Users/a1234/.cache/selenium/chromedriver/mac-arm64/131.0.6778.108/chromedriver
10:23:23.256 [main] INFO  c.foodnow.core.ApplicationManager -- Application started at: https://oyster-app-hck73.ondigitalocean.app/#/
10:23:23.272 [main] INFO  foodnow.core.TestBase -- test addProductPositiveTest started
10:23:23.516 [main] INFO  com.foodnow.core.BaseHelper -- [[[ChromeDriver: chrome on mac (36d95ef5e2c96bbed424862e1fb5c9f5)] -> xpath: //a[@href='#/user-profile']]] is pressed
10:23:23.580 [main] INFO  com.foodnow.core.BaseHelper -- [Proxy element for: DefaultElementLocator 'By.xpath: //a[@href='#/login']'] is pressed
10:23:23.637 [main] INFO  com.foodnow.core.BaseHelper -- [[[ChromeDriver: chrome on mac (36d95ef5e2c96bbed424862e1fb5c9f5)] -> id: email-id]] is pressed
10:23:23.765 [main] INFO  com.foodnow.core.BaseHelper -- [[[ChromeDriver: chrome on mac (36d95ef5e2c96bbed424862e1fb5c9f5)] -> id: email-id]] is pressed
10:23:23.807 [main] INFO  com.foodnow.core.BaseHelper -- [[[ChromeDriver: chrome on mac (36d95ef5e2c96bbed424862e1fb5c9f5)] -> id: password-id]] is pressed
10:23:23.851 [main] INFO  com.foodnow.core.BaseHelper -- [[[ChromeDriver: chrome on mac (36d95ef5e2c96bbed424862e1fb5c9f5)] -> id: password-id]] is pressed
10:23:23.899 [main] INFO  com.foodnow.core.BaseHelper -- [[[ChromeDriver: chrome on mac (36d95ef5e2c96bbed424862e1fb5c9f5)] -> xpath: //button[text()='Login']]] is pressed
10:23:23.973 [main] INFO  com.foodnow.core.BaseHelper -- [[[ChromeDriver: chrome on mac (36d95ef5e2c96bbed424862e1fb5c9f5)] -> xpath: (//img[@class='css-rbpvgo'])[1]]] is pressed
10:23:24.009 [main] INFO  com.foodnow.core.BaseHelper -- [[[ChromeDriver: chrome on mac (36d95ef5e2c96bbed424862e1fb5c9f5)] -> xpath: //button[contains(@class, 'MuiButtonBase-root') and text()='Meat']]] is pressed
10:23:24.032 [main] ERROR com.foodnow.core.BaseHelper -- [[[ChromeDriver: chrome on mac (36d95ef5e2c96bbed424862e1fb5c9f5)] -> xpath: (//div[@class='MuiStack-root css-jj2ztu'])[2]]] is not pressed
org.openqa.selenium.NoSuchElementException: no such element: Unable to locate element: {"method":"xpath","selector":"(//div[@class='MuiStack-root css-jj2ztu'])[2]"}
  (Session info: chrome=131.0.6778.109)
For documentation on this error, please visit: https://www.selenium.dev/documentation/webdriver/troubleshooting/errors#no-such-element-exception
Build info: version: '4.25.0', revision: '8a8aea2337'
System info: os.name: 'Mac OS X', os.arch: 'aarch64', os.version: '14.6.1', java.version: '11.0.24'
Driver info: org.openqa.selenium.chrome.ChromeDriver
Command: [36d95ef5e2c96bbed424862e1fb5c9f5, findElement {using=xpath, value=(//div[@class='MuiStack-root css-jj2ztu'])[2]}]
Capabilities {acceptInsecureCerts: false, browserName: chrome, browserVersion: 131.0.6778.109, chrome: {chromedriverVersion: 131.0.6778.108 (3b014839fbc..., userDataDir: /var/folders/4d/pp71x7js7j7...}, fedcm:accounts: true, goog:chromeOptions: {debuggerAddress: localhost:60766}, networkConnectionEnabled: false, pageLoadStrategy: normal, platformName: mac, proxy: Proxy(), se:cdp: ws://localhost:60766/devtoo..., se:cdpVersion: 131.0.6778.109, setWindowRect: true, strictFileInteractability: false, timeouts: {implicit: 0, pageLoad: 300000, script: 30000}, unhandledPromptBehavior: dismiss and notify, webauthn:extension:credBlob: true, webauthn:extension:largeBlob: true, webauthn:extension:minPinLength: true, webauthn:extension:prf: true, webauthn:virtualAuthenticators: true}
Session ID: 36d95ef5e2c96bbed424862e1fb5c9f5
	at java.base/jdk.internal.reflect.NativeConstructorAccessorImpl.newInstance0(Native Method)
	at java.base/jdk.internal.reflect.NativeConstructorAccessorImpl.newInstance(NativeConstructorAccessorImpl.java:62)
	at java.base/jdk.internal.reflect.DelegatingConstructorAccessorImpl.newInstance(DelegatingConstructorAccessorImpl.java:45)
	at java.base/java.lang.reflect.Constructor.newInstance(Constructor.java:490)
	at org.openqa.selenium.remote.ErrorCodec.decode(ErrorCodec.java:167)
	at org.openqa.selenium.remote.codec.w3c.W3CHttpResponseCodec.decode(W3CHttpResponseCodec.java:138)
	at org.openqa.selenium.remote.codec.w3c.W3CHttpResponseCodec.decode(W3CHttpResponseCodec.java:50)
	at org.openqa.selenium.remote.HttpCommandExecutor.execute(HttpCommandExecutor.java:190)
	at org.openqa.selenium.remote.service.DriverCommandExecutor.invokeExecute(DriverCommandExecutor.java:216)
	at org.openqa.selenium.remote.service.DriverCommandExecutor.execute(DriverCommandExecutor.java:174)
	at org.openqa.selenium.remote.RemoteWebDriver.execute(RemoteWebDriver.java:545)
	at org.openqa.selenium.remote.ElementLocation$ElementFinder$2.findElement(ElementLocation.java:165)
	at org.openqa.selenium.remote.ElementLocation.findElement(ElementLocation.java:59)
	at org.openqa.selenium.remote.RemoteWebDriver.findElement(RemoteWebDriver.java:368)
	at org.openqa.selenium.remote.RemoteWebDriver.findElement(RemoteWebDriver.java:362)
	at org.openqa.selenium.support.pagefactory.DefaultElementLocator.findElement(DefaultElementLocator.java:68)
	at org.openqa.selenium.support.pagefactory.internal.LocatingElementHandler.invoke(LocatingElementHandler.java:38)
	at com.sun.proxy.$Proxy15.click(Unknown Source)
	at com.foodnow.core.BaseHelper.click(BaseHelper.java:32)
	at com.foodnow.pages.AddProductPage.clickAddSteakToCart(AddProductPage.java:32)
	at foodnow.tests.AddProductTests.addProduct(AddProductTests.java:29)
	at foodnow.tests.AddProductTests.addProductPositiveTest(AddProductTests.java:22)
	at java.base/jdk.internal.reflect.NativeMethodAccessorImpl.invoke0(Native Method)
	at java.base/jdk.internal.reflect.NativeMethodAccessorImpl.invoke(NativeMethodAccessorImpl.java:62)
	at java.base/jdk.internal.reflect.DelegatingMethodAccessorImpl.invoke(DelegatingMethodAccessorImpl.java:43)
	at java.base/java.lang.reflect.Method.invoke(Method.java:566)
	at org.testng.internal.invokers.MethodInvocationHelper.invokeMethod(MethodInvocationHelper.java:141)
	at org.testng.internal.invokers.TestInvoker.invokeMethod(TestInvoker.java:686)
	at org.testng.internal.invokers.TestInvoker.invokeTestMethod(TestInvoker.java:230)
	at org.testng.internal.invokers.MethodRunner.runInSequence(MethodRunner.java:63)
	at org.testng.internal.invokers.TestInvoker$MethodInvocationAgent.invoke(TestInvoker.java:992)
	at org.testng.internal.invokers.TestInvoker.invokeTestMethods(TestInvoker.java:203)
	at org.testng.internal.invokers.TestMethodWorker.invokeTestMethods(TestMethodWorker.java:154)
	at org.testng.internal.invokers.TestMethodWorker.run(TestMethodWorker.java:134)
	at java.base/java.util.ArrayList.forEach(ArrayList.java:1541)
	at org.testng.TestRunner.privateRun(TestRunner.java:739)
	at org.testng.TestRunner.run(TestRunner.java:614)
	at org.testng.SuiteRunner.runTest(SuiteRunner.java:421)
	at org.testng.SuiteRunner.runSequentially(SuiteRunner.java:413)
	at org.testng.SuiteRunner.privateRun(SuiteRunner.java:373)
	at org.testng.SuiteRunner.run(SuiteRunner.java:312)
	at org.testng.SuiteRunnerWorker.runSuite(SuiteRunnerWorker.java:52)
	at org.testng.SuiteRunnerWorker.run(SuiteRunnerWorker.java:95)
	at org.testng.TestNG.runSuitesSequentially(TestNG.java:1274)
	at org.testng.TestNG.runSuitesLocally(TestNG.java:1208)
	at org.testng.TestNG.runSuites(TestNG.java:1112)
	at org.testng.TestNG.run(TestNG.java:1079)
	at com.intellij.rt.testng.IDEARemoteTestNG.run(IDEARemoteTestNG.java:65)
	at com.intellij.rt.testng.RemoteTestNGStarter.main(RemoteTestNGStarter.java:105)
10:23:26.268 [main] INFO  foodnow.core.TestBase -- Test is FAILED: [addProductPositiveTest], Screenscot: [/Users/a1234/QA_lessons/FoodNow_Selenium/src/test_screenshots/screen-1733995406158.png]
10:23:26.272 [main] INFO  foodnow.core.TestBase -- *** TESTING Ended ***
