12:26:46.750 [main] INFO  foodnow.core.TestBase -- *** TESTING IN PROGRESS ***
12:26:46.955 [main] INFO  i.g.bonigarcia.wdm.WebDriverManager -- Using chromedriver 131.0.6778.108 (resolved driver for Chrome 131)
12:26:46.967 [main] INFO  i.g.bonigarcia.wdm.WebDriverManager -- Exporting webdriver.chrome.driver as /Users/a1234/.cache/selenium/chromedriver/mac-arm64/131.0.6778.108/chromedriver
12:26:48.284 [main] INFO  c.foodnow.core.ApplicationManager -- Application started at: https://oyster-app-hck73.ondigitalocean.app/#/
12:26:48.300 [main] INFO  foodnow.core.TestBase -- test proceedToCheckout started
12:26:48.435 [main] INFO  com.foodnow.core.BaseHelper -- [[[ChromeDriver: chrome on mac (b0054088314b82ed469b7efae543996a)] -> xpath: //a[@href='#/user-profile']]] is pressed
12:26:48.479 [main] INFO  com.foodnow.core.BaseHelper -- [Proxy element for: DefaultElementLocator 'By.xpath: //a[@href='#/login']'] is pressed
12:26:48.538 [main] INFO  com.foodnow.core.BaseHelper -- [[[ChromeDriver: chrome on mac (b0054088314b82ed469b7efae543996a)] -> id: email-id]] is pressed
12:26:48.659 [main] INFO  com.foodnow.core.BaseHelper -- [[[ChromeDriver: chrome on mac (b0054088314b82ed469b7efae543996a)] -> id: email-id]] is pressed
12:26:48.704 [main] INFO  com.foodnow.core.BaseHelper -- [[[ChromeDriver: chrome on mac (b0054088314b82ed469b7efae543996a)] -> id: password-id]] is pressed
12:26:48.755 [main] INFO  com.foodnow.core.BaseHelper -- [[[ChromeDriver: chrome on mac (b0054088314b82ed469b7efae543996a)] -> id: password-id]] is pressed
12:26:48.802 [main] INFO  com.foodnow.core.BaseHelper -- [[[ChromeDriver: chrome on mac (b0054088314b82ed469b7efae543996a)] -> xpath: //button[text()='Login']]] is pressed
12:26:48.852 [main] INFO  com.foodnow.core.BaseHelper -- [[[ChromeDriver: chrome on mac (b0054088314b82ed469b7efae543996a)] -> xpath: //img[@src='/assets/logo-white-Ct48QHdp.png']]] is pressed
12:26:48.949 [main] INFO  com.foodnow.core.BaseHelper -- [[[ChromeDriver: chrome on mac (b0054088314b82ed469b7efae543996a)] -> xpath: (//img[@class='css-rbpvgo'])[1]]] is pressed
12:26:49.021 [main] INFO  com.foodnow.core.BaseHelper -- [Proxy element for: DefaultElementLocator 'By.xpath: //button[contains(@class, 'MuiButtonBase-root') and text()='Meat']'] is pressed
12:26:49.066 [main] INFO  com.foodnow.core.BaseHelper -- [[[ChromeDriver: chrome on mac (b0054088314b82ed469b7efae543996a)] -> xpath: (//div[@class='MuiStack-root css-jj2ztu'])[2]]] is pressed
12:26:49.135 [main] INFO  com.foodnow.core.BaseHelper -- [[[ChromeDriver: chrome on mac (b0054088314b82ed469b7efae543996a)] -> xpath: (//img[@class='css-13s0wde'])[2]]] is pressed
12:26:49.152 [main] ERROR com.foodnow.core.BaseHelper -- [Proxy element for: DefaultElementLocator 'By.xpath: //button[normalize-space(text())='+']'] is not pressed
org.openqa.selenium.NoSuchElementException: no such element: Unable to locate element: {"method":"xpath","selector":"//button[normalize-space(text())='+']"}
  (Session info: chrome=131.0.6778.109)
For documentation on this error, please visit: https://www.selenium.dev/documentation/webdriver/troubleshooting/errors#no-such-element-exception
Build info: version: '4.25.0', revision: '8a8aea2337'
System info: os.name: 'Mac OS X', os.arch: 'aarch64', os.version: '14.6.1', java.version: '11.0.24'
Driver info: org.openqa.selenium.chrome.ChromeDriver
Command: [b0054088314b82ed469b7efae543996a, findElement {using=xpath, value=//button[normalize-space(text())='+']}]
Capabilities {acceptInsecureCerts: false, browserName: chrome, browserVersion: 131.0.6778.109, chrome: {chromedriverVersion: 131.0.6778.108 (3b014839fbc..., userDataDir: /var/folders/4d/pp71x7js7j7...}, fedcm:accounts: true, goog:chromeOptions: {debuggerAddress: localhost:55603}, networkConnectionEnabled: false, pageLoadStrategy: normal, platformName: mac, proxy: Proxy(), se:cdp: ws://localhost:55603/devtoo..., se:cdpVersion: 131.0.6778.109, setWindowRect: true, strictFileInteractability: false, timeouts: {implicit: 0, pageLoad: 300000, script: 30000}, unhandledPromptBehavior: dismiss and notify, webauthn:extension:credBlob: true, webauthn:extension:largeBlob: true, webauthn:extension:minPinLength: true, webauthn:extension:prf: true, webauthn:virtualAuthenticators: true}
Session ID: b0054088314b82ed469b7efae543996a
	at java.base/jdk.internal.reflect.NativeConstructorAccessorImpl.newInstance0(Native Method)
	at java.base/jdk.internal.reflect.NativeConstructorAccessorImpl.newInstance(NativeConstructorAccessorImpl.java:62)
	at java.base/jdk.internal.reflect.DelegatingConstructorAccessorImpl.newInstance(DelegatingConstructorAccessorImpl.java:45)
	at java.base/java.lang.reflect.Constructor.newInstance(Constructor.java:490)
	at org.openqa.selenium.remote.ErrorCodec.decode(ErrorCodec.java:167)
	at org.openqa.selenium.remote.codec.w3c.W3CHttpResponseCodec.decode(W3CHttpResponseCodec.java:138)
	at org.openqa.selenium.remote.codec.w3c.W3CHttpResponseCodec.decode(W3CHttpResponseCodec.java:50)
	at org.openqa.selenium.remote.HttpCommandExecutor.execute(HttpCommandExecutor.java:190)
	at org.openqa.selenium.remote.service.DriverCommandExecutor.invokeExecute(DriverCommandExecutor.java:216)
	at org.openqa.selenium.remote.service.DriverCommandExecutor.execute(DriverCommandExecutor.java:174)
	at org.openqa.selenium.remote.RemoteWebDriver.execute(RemoteWebDriver.java:545)
	at org.openqa.selenium.remote.ElementLocation$ElementFinder$2.findElement(ElementLocation.java:165)
	at org.openqa.selenium.remote.ElementLocation.findElement(ElementLocation.java:59)
	at org.openqa.selenium.remote.RemoteWebDriver.findElement(RemoteWebDriver.java:368)
	at org.openqa.selenium.remote.RemoteWebDriver.findElement(RemoteWebDriver.java:362)
	at org.openqa.selenium.support.pagefactory.DefaultElementLocator.findElement(DefaultElementLocator.java:68)
	at org.openqa.selenium.support.pagefactory.internal.LocatingElementHandler.invoke(LocatingElementHandler.java:38)
	at com.sun.proxy.$Proxy15.click(Unknown Source)
	at com.foodnow.core.BaseHelper.click(BaseHelper.java:32)
	at com.foodnow.pages.CartPage.clickPlusButton(CartPage.java:33)
	at foodnow.tests.CartTests.checkoutToCart(CartTests.java:25)
	at foodnow.tests.CartTests.proceedToCheckout(CartTests.java:20)
	at java.base/jdk.internal.reflect.NativeMethodAccessorImpl.invoke0(Native Method)
	at java.base/jdk.internal.reflect.NativeMethodAccessorImpl.invoke(NativeMethodAccessorImpl.java:62)
	at java.base/jdk.internal.reflect.DelegatingMethodAccessorImpl.invoke(DelegatingMethodAccessorImpl.java:43)
	at java.base/java.lang.reflect.Method.invoke(Method.java:566)
	at org.testng.internal.invokers.MethodInvocationHelper.invokeMethod(MethodInvocationHelper.java:141)
	at org.testng.internal.invokers.TestInvoker.invokeMethod(TestInvoker.java:686)
	at org.testng.internal.invokers.TestInvoker.invokeTestMethod(TestInvoker.java:230)
	at org.testng.internal.invokers.MethodRunner.runInSequence(MethodRunner.java:63)
	at org.testng.internal.invokers.TestInvoker$MethodInvocationAgent.invoke(TestInvoker.java:992)
	at org.testng.internal.invokers.TestInvoker.invokeTestMethods(TestInvoker.java:203)
	at org.testng.internal.invokers.TestMethodWorker.invokeTestMethods(TestMethodWorker.java:154)
	at org.testng.internal.invokers.TestMethodWorker.run(TestMethodWorker.java:134)
	at java.base/java.util.ArrayList.forEach(ArrayList.java:1541)
	at org.testng.TestRunner.privateRun(TestRunner.java:739)
	at org.testng.TestRunner.run(TestRunner.java:614)
	at org.testng.SuiteRunner.runTest(SuiteRunner.java:421)
	at org.testng.SuiteRunner.runSequentially(SuiteRunner.java:413)
	at org.testng.SuiteRunner.privateRun(SuiteRunner.java:373)
	at org.testng.SuiteRunner.run(SuiteRunner.java:312)
	at org.testng.SuiteRunnerWorker.runSuite(SuiteRunnerWorker.java:52)
	at org.testng.SuiteRunnerWorker.run(SuiteRunnerWorker.java:95)
	at org.testng.TestNG.runSuitesSequentially(TestNG.java:1274)
	at org.testng.TestNG.runSuitesLocally(TestNG.java:1208)
	at org.testng.TestNG.runSuites(TestNG.java:1112)
	at org.testng.TestNG.run(TestNG.java:1079)
	at com.intellij.rt.testng.IDEARemoteTestNG.run(IDEARemoteTestNG.java:65)
	at com.intellij.rt.testng.RemoteTestNGStarter.main(RemoteTestNGStarter.java:105)
12:26:49.331 [main] INFO  foodnow.core.TestBase -- Test is FAILED: [proceedToCheckout], Screenscot: [/Users/a1234/QA_lessons/FoodNow_Selenium/src/test_screenshots/screen-1734002809173.png]
12:26:49.335 [main] INFO  foodnow.core.TestBase -- *** TESTING Ended ***
