16:15:29.564 [main] INFO  foodnow.core.TestBase -- *** TESTING IN PROGRESS ***
16:15:29.751 [main] INFO  i.g.bonigarcia.wdm.WebDriverManager -- Using chromedriver 131.0.6778.108 (resolved driver for Chrome 131)
16:15:29.762 [main] INFO  i.g.bonigarcia.wdm.WebDriverManager -- Exporting webdriver.chrome.driver as /Users/a1234/.cache/selenium/chromedriver/mac-arm64/131.0.6778.108/chromedriver
16:15:31.029 [main] INFO  c.foodnow.core.ApplicationManager -- Application started at: https://oyster-app-hck73.ondigitalocean.app/#/
16:15:31.047 [main] INFO  foodnow.core.TestBase -- test addProductPositiveTest started
16:15:31.092 [main] INFO  foodnow.core.TestBase -- *** addProductPositiveTest TEST STARTED ***
16:15:31.257 [main] INFO  com.foodnow.core.BaseHelper -- [[[ChromeDriver: chrome on mac (7d66c0e387a0ef24eace1d0798236113)] -> xpath: //a[@href='#/user-profile']]] is pressed
16:15:31.321 [main] INFO  com.foodnow.core.BaseHelper -- [Proxy element for: DefaultElementLocator 'By.xpath: //a[@href='#/login']'] is pressed
16:15:31.360 [main] INFO  com.foodnow.core.BaseHelper -- [[[ChromeDriver: chrome on mac (7d66c0e387a0ef24eace1d0798236113)] -> id: email-id]] is pressed
16:15:31.496 [main] INFO  com.foodnow.core.BaseHelper -- [[[ChromeDriver: chrome on mac (7d66c0e387a0ef24eace1d0798236113)] -> id: email-id]] is pressed
16:15:31.539 [main] INFO  com.foodnow.core.BaseHelper -- [[[ChromeDriver: chrome on mac (7d66c0e387a0ef24eace1d0798236113)] -> id: password-id]] is pressed
16:15:31.576 [main] INFO  com.foodnow.core.BaseHelper -- [[[ChromeDriver: chrome on mac (7d66c0e387a0ef24eace1d0798236113)] -> id: password-id]] is pressed
16:15:31.621 [main] INFO  com.foodnow.core.BaseHelper -- [[[ChromeDriver: chrome on mac (7d66c0e387a0ef24eace1d0798236113)] -> xpath: //button[text()='Login']]] is pressed
16:15:31.713 [main] INFO  com.foodnow.core.BaseHelper -- [[[ChromeDriver: chrome on mac (7d66c0e387a0ef24eace1d0798236113)] -> xpath: (//img[@class='css-rbpvgo'])[1]]] is pressed
16:15:33.782 [main] ERROR com.foodnow.core.BaseHelper -- [Proxy element for: DefaultElementLocator 'By.xpath: //button[contains(@class, 'MuiButtonBase-root') and text()='Meat']'] is not pressed
org.openqa.selenium.StaleElementReferenceException: stale element reference: stale element not found in the current frame
  (Session info: chrome=131.0.6778.109)
For documentation on this error, please visit: https://www.selenium.dev/documentation/webdriver/troubleshooting/errors#stale-element-reference-exception
Build info: version: '4.25.0', revision: '8a8aea2337'
System info: os.name: 'Mac OS X', os.arch: 'aarch64', os.version: '14.6.1', java.version: '11.0.24'
Driver info: org.openqa.selenium.chrome.ChromeDriver
Command: [7d66c0e387a0ef24eace1d0798236113, clickElement {id=f.B36A8E5E6DA0D159916C7E0042231F39.d.BD71B13BD3C277A741808A4330C0DD9C.e.27}]
Capabilities {acceptInsecureCerts: false, browserName: chrome, browserVersion: 131.0.6778.109, chrome: {chromedriverVersion: 131.0.6778.108 (3b014839fbc..., userDataDir: /var/folders/4d/pp71x7js7j7...}, fedcm:accounts: true, goog:chromeOptions: {debuggerAddress: localhost:65248}, networkConnectionEnabled: false, pageLoadStrategy: normal, platformName: mac, proxy: Proxy(), se:cdp: ws://localhost:65248/devtoo..., se:cdpVersion: 131.0.6778.109, setWindowRect: true, strictFileInteractability: false, timeouts: {implicit: 0, pageLoad: 300000, script: 30000}, unhandledPromptBehavior: dismiss and notify, webauthn:extension:credBlob: true, webauthn:extension:largeBlob: true, webauthn:extension:minPinLength: true, webauthn:extension:prf: true, webauthn:virtualAuthenticators: true}
Element: [[ChromeDriver: chrome on mac (7d66c0e387a0ef24eace1d0798236113)] -> xpath: //button[contains(@class, 'MuiButtonBase-root') and text()='Meat']]
Session ID: 7d66c0e387a0ef24eace1d0798236113
	at java.base/jdk.internal.reflect.NativeConstructorAccessorImpl.newInstance0(Native Method)
	at java.base/jdk.internal.reflect.NativeConstructorAccessorImpl.newInstance(NativeConstructorAccessorImpl.java:62)
	at java.base/jdk.internal.reflect.DelegatingConstructorAccessorImpl.newInstance(DelegatingConstructorAccessorImpl.java:45)
	at java.base/java.lang.reflect.Constructor.newInstance(Constructor.java:490)
	at org.openqa.selenium.remote.ErrorCodec.decode(ErrorCodec.java:167)
	at org.openqa.selenium.remote.codec.w3c.W3CHttpResponseCodec.decode(W3CHttpResponseCodec.java:138)
	at org.openqa.selenium.remote.codec.w3c.W3CHttpResponseCodec.decode(W3CHttpResponseCodec.java:50)
	at org.openqa.selenium.remote.HttpCommandExecutor.execute(HttpCommandExecutor.java:190)
	at org.openqa.selenium.remote.service.DriverCommandExecutor.invokeExecute(DriverCommandExecutor.java:216)
	at org.openqa.selenium.remote.service.DriverCommandExecutor.execute(DriverCommandExecutor.java:174)
	at org.openqa.selenium.remote.RemoteWebDriver.execute(RemoteWebDriver.java:545)
	at org.openqa.selenium.remote.RemoteWebElement.execute(RemoteWebElement.java:223)
	at org.openqa.selenium.remote.RemoteWebElement.click(RemoteWebElement.java:76)
	at java.base/jdk.internal.reflect.NativeMethodAccessorImpl.invoke0(Native Method)
	at java.base/jdk.internal.reflect.NativeMethodAccessorImpl.invoke(NativeMethodAccessorImpl.java:62)
	at java.base/jdk.internal.reflect.DelegatingMethodAccessorImpl.invoke(DelegatingMethodAccessorImpl.java:43)
	at java.base/java.lang.reflect.Method.invoke(Method.java:566)
	at org.openqa.selenium.support.pagefactory.internal.LocatingElementHandler.invoke(LocatingElementHandler.java:51)
	at com.sun.proxy.$Proxy15.click(Unknown Source)
	at com.foodnow.core.BaseHelper.click(BaseHelper.java:32)
	at com.foodnow.pages.AddProductPage.clickMeatCategory(AddProductPage.java:20)
	at foodnow.tests.AddProductTests.addProduct(AddProductTests.java:36)
	at foodnow.tests.AddProductTests.addProductPositiveTest(AddProductTests.java:30)
	at java.base/jdk.internal.reflect.NativeMethodAccessorImpl.invoke0(Native Method)
	at java.base/jdk.internal.reflect.NativeMethodAccessorImpl.invoke(NativeMethodAccessorImpl.java:62)
	at java.base/jdk.internal.reflect.DelegatingMethodAccessorImpl.invoke(DelegatingMethodAccessorImpl.java:43)
	at java.base/java.lang.reflect.Method.invoke(Method.java:566)
	at org.testng.internal.invokers.MethodInvocationHelper.invokeMethod(MethodInvocationHelper.java:141)
	at org.testng.internal.invokers.TestInvoker.invokeMethod(TestInvoker.java:686)
	at org.testng.internal.invokers.TestInvoker.invokeTestMethod(TestInvoker.java:230)
	at org.testng.internal.invokers.MethodRunner.runInSequence(MethodRunner.java:63)
	at org.testng.internal.invokers.TestInvoker$MethodInvocationAgent.invoke(TestInvoker.java:992)
	at org.testng.internal.invokers.TestInvoker.invokeTestMethods(TestInvoker.java:203)
	at org.testng.internal.invokers.TestMethodWorker.invokeTestMethods(TestMethodWorker.java:154)
	at org.testng.internal.invokers.TestMethodWorker.run(TestMethodWorker.java:134)
	at java.base/java.util.ArrayList.forEach(ArrayList.java:1541)
	at org.testng.TestRunner.privateRun(TestRunner.java:739)
	at org.testng.TestRunner.run(TestRunner.java:614)
	at org.testng.SuiteRunner.runTest(SuiteRunner.java:421)
	at org.testng.SuiteRunner.runSequentially(SuiteRunner.java:413)
	at org.testng.SuiteRunner.privateRun(SuiteRunner.java:373)
	at org.testng.SuiteRunner.run(SuiteRunner.java:312)
	at org.testng.SuiteRunnerWorker.runSuite(SuiteRunnerWorker.java:52)
	at org.testng.SuiteRunnerWorker.run(SuiteRunnerWorker.java:95)
	at org.testng.TestNG.runSuitesSequentially(TestNG.java:1274)
	at org.testng.TestNG.runSuitesLocally(TestNG.java:1208)
	at org.testng.TestNG.runSuites(TestNG.java:1112)
	at org.testng.TestNG.run(TestNG.java:1079)
	at com.intellij.rt.testng.IDEARemoteTestNG.run(IDEARemoteTestNG.java:65)
	at com.intellij.rt.testng.RemoteTestNGStarter.main(RemoteTestNGStarter.java:105)
16:15:33.939 [main] ERROR foodnow.core.TestBase -- [AddProductTests] Test FAILED: addProductPositiveTest, Screenshot: /Users/a1234/QA_lessons/FoodNow_Selenium/src/test_screenshots/screen-1734016533805.png
16:15:34.032 [main] INFO  foodnow.core.TestBase -- Test is FAILED: [addProductPositiveTest], Screenscot: [/Users/a1234/QA_lessons/FoodNow_Selenium/src/test_screenshots/screen-1734016533940.png]
16:15:34.036 [main] INFO  foodnow.core.TestBase -- *** TESTING Ended ***
